{"/home/dev/Project/sandbox/nuxt-jest-sample/components/Logo.vue": {"path":"/home/dev/Project/sandbox/nuxt-jest-sample/components/Logo.vue","statementMap":{"0":{"start":{"line":14,"column":0},"end":{"line":14,"column":null}}},"fnMap":{"0":{"name":"(anonymous_1)","decl":{"start":{"line":13,"column":0},"end":{"line":13,"column":null}},"loc":{"start":{"line":13,"column":0},"end":{"line":17,"column":null}}}},"branchMap":{},"s":{"0":2},"f":{"0":2},"b":{}}
,"/home/dev/Project/sandbox/nuxt-jest-sample/pages/index.vue": {"path":"/home/dev/Project/sandbox/nuxt-jest-sample/pages/index.vue","statementMap":{"0":{"start":{"line":20,"column":0},"end":{"line":20,"column":null}}},"fnMap":{},"branchMap":{},"s":{"0":1},"f":{},"b":{}}
}
